[2026-01-02 00:35:07] ERREUR : SQLSTATE[42S02]: Base table or view not found: 1146 Table 'mabagnole.users' doesn't exist
[2026-01-02 00:35:59] ERREUR : SQLSTATE[42S02]: Base table or view not found: 1146 Table 'mabagnole.users' doesn't exist
[2026-01-02 00:37:01] ERREUR : SQLSTATE[42S02]: Base table or view not found: 1146 Table 'mabagnole.users' doesn't exist
[2026-01-02 00:37:12] ERREUR : SQLSTATE[42S02]: Base table or view not found: 1146 Table 'mabagnole.users' doesn't exist
[2026-01-02 22:37:08] ERREUR : SQLSTATE[42S02]: Base table or view not found: 1146 Table 'mabagnole.user' doesn't exist
[2026-01-02 23:41:58] ERREUR : SQLSTATE[42S22]: Column not found: 1054 Unknown column 'idVoiture' in 'where clause'
[2026-01-03 01:30:10] ERREUR : SQLSTATE[42S22]: Column not found: 1054 Unknown column 'prix' in 'field list'
[2026-01-03 01:30:10] ERREUR : SQLSTATE[42S22]: Column not found: 1054 Unknown column 'prix' in 'field list'
[2026-01-03 13:09:18] ERREUR : SQLSTATE[42S02]: Base table or view not found: 1146 Table 'mabagnole.categorie' doesn't exist
[2026-01-03 13:09:24] ERREUR : SQLSTATE[42S02]: Base table or view not found: 1146 Table 'mabagnole.categorie' doesn't exist
[2026-01-03 14:52:01] ERREUR : SQLSTATE[42S02]: Base table or view not found: 1146 Table 'mabagnole.categorie' doesn't exist
[2026-01-03 14:53:02] ERREUR : SQLSTATE[42S02]: Base table or view not found: 1146 Table 'mabagnole.categorie' doesn't exist
[2026-01-03 14:53:08] ERREUR : SQLSTATE[42S02]: Base table or view not found: 1146 Table 'mabagnole.categorie' doesn't exist
[2026-01-04 18:31:30] ERREUR : SQLSTATE[HY093]: Invalid parameter number: number of bound variables does not match number of tokens
[2026-01-08 11:40:51] ERREUR : SQLSTATE[42S22]: Column not found: 1054 Unknown column 'a.datereation' in 'order clause'
[2026-01-08 11:40:51] ERREUR : SQLSTATE[42S22]: Column not found: 1054 Unknown column 'a.datereation' in 'order clause'
[2026-01-08 11:40:53] ERREUR : SQLSTATE[42S22]: Column not found: 1054 Unknown column 'a.datereation' in 'order clause'
[2026-01-08 11:40:53] ERREUR : SQLSTATE[42S22]: Column not found: 1054 Unknown column 'a.datereation' in 'order clause'
[2026-01-08 11:40:54] ERREUR : SQLSTATE[42S22]: Column not found: 1054 Unknown column 'a.datereation' in 'order clause'
[2026-01-08 11:40:54] ERREUR : SQLSTATE[42S22]: Column not found: 1054 Unknown column 'a.datereation' in 'order clause'
[2026-01-08 11:40:54] ERREUR : SQLSTATE[42S22]: Column not found: 1054 Unknown column 'a.datereation' in 'order clause'
[2026-01-08 11:40:54] ERREUR : SQLSTATE[42S22]: Column not found: 1054 Unknown column 'a.datereation' in 'order clause'
[2026-01-08 11:40:54] ERREUR : SQLSTATE[42S22]: Column not found: 1054 Unknown column 'a.datereation' in 'order clause'
[2026-01-08 11:40:54] ERREUR : SQLSTATE[42S22]: Column not found: 1054 Unknown column 'a.datereation' in 'order clause'
[2026-01-08 11:40:55] ERREUR : SQLSTATE[42S22]: Column not found: 1054 Unknown column 'a.datereation' in 'order clause'
[2026-01-08 11:40:55] ERREUR : SQLSTATE[42S22]: Column not found: 1054 Unknown column 'a.datereation' in 'order clause'
[2026-01-08 11:40:55] ERREUR : SQLSTATE[42S22]: Column not found: 1054 Unknown column 'a.datereation' in 'order clause'
[2026-01-08 11:40:55] ERREUR : SQLSTATE[42S22]: Column not found: 1054 Unknown column 'a.datereation' in 'order clause'
[2026-01-08 11:40:55] ERREUR : SQLSTATE[42S22]: Column not found: 1054 Unknown column 'a.datereation' in 'order clause'
[2026-01-08 11:40:55] ERREUR : SQLSTATE[42S22]: Column not found: 1054 Unknown column 'a.datereation' in 'order clause'
[2026-01-08 11:40:55] ERREUR : SQLSTATE[42S22]: Column not found: 1054 Unknown column 'a.datereation' in 'order clause'
[2026-01-08 11:40:55] ERREUR : SQLSTATE[42S22]: Column not found: 1054 Unknown column 'a.datereation' in 'order clause'
[2026-01-08 11:40:55] ERREUR : SQLSTATE[42S22]: Column not found: 1054 Unknown column 'a.datereation' in 'order clause'
[2026-01-08 11:40:55] ERREUR : SQLSTATE[42S22]: Column not found: 1054 Unknown column 'a.datereation' in 'order clause'
[2026-01-08 11:40:56] ERREUR : SQLSTATE[42S22]: Column not found: 1054 Unknown column 'a.datereation' in 'order clause'
[2026-01-08 11:40:56] ERREUR : SQLSTATE[42S22]: Column not found: 1054 Unknown column 'a.datereation' in 'order clause'
[2026-01-08 11:40:56] ERREUR : SQLSTATE[42S22]: Column not found: 1054 Unknown column 'a.datereation' in 'order clause'
[2026-01-08 11:40:56] ERREUR : SQLSTATE[42S22]: Column not found: 1054 Unknown column 'a.datereation' in 'order clause'
[2026-01-08 11:40:56] ERREUR : SQLSTATE[42S22]: Column not found: 1054 Unknown column 'a.datereation' in 'order clause'
[2026-01-08 11:40:56] ERREUR : SQLSTATE[42S22]: Column not found: 1054 Unknown column 'a.datereation' in 'order clause'
[2026-01-08 11:40:56] ERREUR : SQLSTATE[42S22]: Column not found: 1054 Unknown column 'a.datereation' in 'order clause'
[2026-01-08 11:40:56] ERREUR : SQLSTATE[42S22]: Column not found: 1054 Unknown column 'a.datereation' in 'order clause'
[2026-01-08 11:40:57] ERREUR : SQLSTATE[42S22]: Column not found: 1054 Unknown column 'a.datereation' in 'order clause'
[2026-01-08 11:40:57] ERREUR : SQLSTATE[42S22]: Column not found: 1054 Unknown column 'a.datereation' in 'order clause'
[2026-01-08 11:40:57] ERREUR : SQLSTATE[42S22]: Column not found: 1054 Unknown column 'a.datereation' in 'order clause'
[2026-01-08 11:40:57] ERREUR : SQLSTATE[42S22]: Column not found: 1054 Unknown column 'a.datereation' in 'order clause'
[2026-01-08 11:40:57] ERREUR : SQLSTATE[42S22]: Column not found: 1054 Unknown column 'a.datereation' in 'order clause'
[2026-01-08 11:40:57] ERREUR : SQLSTATE[42S22]: Column not found: 1054 Unknown column 'a.datereation' in 'order clause'
[2026-01-08 11:40:58] ERREUR : SQLSTATE[42S22]: Column not found: 1054 Unknown column 'a.datereation' in 'order clause'
[2026-01-08 11:40:58] ERREUR : SQLSTATE[42S22]: Column not found: 1054 Unknown column 'a.datereation' in 'order clause'
[2026-01-08 11:41:03] ERREUR : SQLSTATE[42S22]: Column not found: 1054 Unknown column 'a.datereation' in 'order clause'
[2026-01-08 11:41:03] ERREUR : SQLSTATE[42S22]: Column not found: 1054 Unknown column 'a.datereation' in 'order clause'
[2026-01-08 11:41:03] ERREUR : SQLSTATE[42S22]: Column not found: 1054 Unknown column 'a.datereation' in 'order clause'
[2026-01-08 11:41:03] ERREUR : SQLSTATE[42S22]: Column not found: 1054 Unknown column 'a.datereation' in 'order clause'
[2026-01-08 11:41:03] ERREUR : SQLSTATE[42S22]: Column not found: 1054 Unknown column 'a.datereation' in 'order clause'
[2026-01-08 11:41:03] ERREUR : SQLSTATE[42S22]: Column not found: 1054 Unknown column 'a.datereation' in 'order clause'
[2026-01-08 11:41:04] ERREUR : SQLSTATE[42S22]: Column not found: 1054 Unknown column 'a.datereation' in 'order clause'
[2026-01-08 11:41:04] ERREUR : SQLSTATE[42S22]: Column not found: 1054 Unknown column 'a.datereation' in 'order clause'
[2026-01-08 11:41:04] ERREUR : SQLSTATE[42S22]: Column not found: 1054 Unknown column 'a.datereation' in 'order clause'
[2026-01-08 11:41:04] ERREUR : SQLSTATE[42S22]: Column not found: 1054 Unknown column 'a.datereation' in 'order clause'
[2026-01-08 11:41:04] ERREUR : SQLSTATE[42S22]: Column not found: 1054 Unknown column 'a.datereation' in 'order clause'
[2026-01-08 11:41:04] ERREUR : SQLSTATE[42S22]: Column not found: 1054 Unknown column 'a.datereation' in 'order clause'
[2026-01-10 21:52:26] ERREUR : SQLSTATE[HY093]: Invalid parameter number: parameter was not defined
[2026-01-10 21:53:20] ERREUR : SQLSTATE[HY093]: Invalid parameter number: parameter was not defined
[2026-01-10 21:53:28] ERREUR : SQLSTATE[HY093]: Invalid parameter number: parameter was not defined
[2026-01-10 21:53:31] ERREUR : SQLSTATE[HY093]: Invalid parameter number: parameter was not defined
[2026-01-10 21:53:37] ERREUR : SQLSTATE[HY093]: Invalid parameter number: parameter was not defined
[2026-01-10 21:53:41] ERREUR : SQLSTATE[HY093]: Invalid parameter number: parameter was not defined
[2026-01-10 21:53:44] ERREUR : SQLSTATE[HY093]: Invalid parameter number: parameter was not defined
[2026-01-10 21:53:48] ERREUR : SQLSTATE[HY093]: Invalid parameter number: parameter was not defined
[2026-01-10 21:53:51] ERREUR : SQLSTATE[HY093]: Invalid parameter number: parameter was not defined
[2026-01-10 21:54:38] ERREUR : SQLSTATE[HY093]: Invalid parameter number: parameter was not defined
[2026-01-10 21:54:46] ERREUR : SQLSTATE[HY093]: Invalid parameter number: parameter was not defined
[2026-01-10 21:55:07] ERREUR : SQLSTATE[HY093]: Invalid parameter number: parameter was not defined
[2026-01-10 21:55:10] ERREUR : SQLSTATE[HY093]: Invalid parameter number: parameter was not defined
[2026-01-10 21:55:16] ERREUR : SQLSTATE[HY093]: Invalid parameter number: parameter was not defined
[2026-01-10 21:56:56] ERREUR : SQLSTATE[HY093]: Invalid parameter number: parameter was not defined
[2026-01-10 21:56:59] ERREUR : SQLSTATE[HY093]: Invalid parameter number: parameter was not defined
[2026-01-10 21:58:34] ERREUR : SQLSTATE[HY093]: Invalid parameter number: parameter was not defined
[2026-01-10 21:58:37] ERREUR : SQLSTATE[HY093]: Invalid parameter number: parameter was not defined
[2026-01-10 21:59:15] ERREUR : SQLSTATE[HY093]: Invalid parameter number: parameter was not defined
[2026-01-10 21:59:18] ERREUR : SQLSTATE[HY093]: Invalid parameter number: parameter was not defined
[2026-01-10 22:02:28] ERREUR : SQLSTATE[HY093]: Invalid parameter number: parameter was not defined
[2026-01-10 22:02:35] ERREUR : SQLSTATE[HY093]: Invalid parameter number: parameter was not defined
[2026-01-10 22:02:38] ERREUR : SQLSTATE[HY093]: Invalid parameter number: parameter was not defined
[2026-01-10 22:02:42] ERREUR : SQLSTATE[HY093]: Invalid parameter number: parameter was not defined
[2026-01-10 22:02:45] ERREUR : SQLSTATE[HY093]: Invalid parameter number: parameter was not defined
[2026-01-10 22:07:20] ERREUR : SQLSTATE[HY093]: Invalid parameter number: parameter was not defined
[2026-01-10 22:07:23] ERREUR : SQLSTATE[HY093]: Invalid parameter number: parameter was not defined
[2026-01-10 22:07:26] ERREUR : SQLSTATE[HY093]: Invalid parameter number: parameter was not defined
[2026-01-10 22:10:03] ERREUR : SQLSTATE[HY093]: Invalid parameter number: parameter was not defined
[2026-01-10 22:10:06] ERREUR : SQLSTATE[HY093]: Invalid parameter number: parameter was not defined
[2026-01-10 22:10:09] ERREUR : SQLSTATE[HY093]: Invalid parameter number: parameter was not defined
[2026-01-10 22:10:12] ERREUR : SQLSTATE[HY093]: Invalid parameter number: parameter was not defined
[2026-01-10 22:10:18] ERREUR : SQLSTATE[HY093]: Invalid parameter number: parameter was not defined
[2026-01-10 22:10:30] ERREUR : SQLSTATE[HY093]: Invalid parameter number: parameter was not defined
[2026-01-10 22:10:35] ERREUR : SQLSTATE[HY093]: Invalid parameter number: parameter was not defined
[2026-01-10 22:10:39] ERREUR : SQLSTATE[HY093]: Invalid parameter number: parameter was not defined
[2026-01-11 19:30:35] ERREUR : SQLSTATE[23000]: Integrity constraint violation: 1452 Cannot add or update a child row: a foreign key constraint fails (`mabagnole`.`reservations`, CONSTRAINT `reservations_ibfk_2` FOREIGN KEY (`idUser`) REFERENCES `users` (`idUser`) ON DELETE CASCADE)
[2026-01-13 15:42:38] ERREUR : SQLSTATE[HY093]: Invalid parameter number: parameter was not defined
[2026-01-13 15:42:59] ERREUR : SQLSTATE[HY093]: Invalid parameter number: parameter was not defined
[2026-01-13 15:43:08] ERREUR : SQLSTATE[HY093]: Invalid parameter number: parameter was not defined
[2026-01-13 15:44:46] ERREUR : SQLSTATE[HY093]: Invalid parameter number: parameter was not defined
[2026-01-13 16:21:21] ERREUR : SQLSTATE[HY093]: Invalid parameter number: parameter was not defined
[2026-01-13 16:22:54] ERREUR : SQLSTATE[HY093]: Invalid parameter number: parameter was not defined
[2026-01-13 16:35:24] ERREUR : SQLSTATE[HY093]: Invalid parameter number: parameter was not defined
[2026-01-13 16:39:04] ERREUR : SQLSTATE[HY093]: Invalid parameter number: parameter was not defined
[2026-01-13 16:39:32] ERREUR : SQLSTATE[HY093]: Invalid parameter number: parameter was not defined
[2026-01-13 16:40:36] ERREUR : SQLSTATE[42000]: Syntax error or access violation: 1064 You have an error in your SQL syntax; check the manual that corresponds to your MariaDB server version for the right syntax to use near '`idV = '3' and a.status = 1' at line 1
[2026-01-13 16:43:39] ERREUR : SQLSTATE[HY093]: Invalid parameter number: parameter was not defined
[2026-01-13 16:43:50] ERREUR : SQLSTATE[HY093]: Invalid parameter number: parameter was not defined
[2026-01-13 16:43:56] ERREUR : SQLSTATE[HY093]: Invalid parameter number: parameter was not defined
[2026-01-13 16:44:02] ERREUR : SQLSTATE[HY093]: Invalid parameter number: parameter was not defined
[2026-01-13 16:44:12] ERREUR : SQLSTATE[HY093]: Invalid parameter number: parameter was not defined
[2026-01-13 16:44:13] ERREUR : SQLSTATE[HY093]: Invalid parameter number: parameter was not defined
[2026-01-13 16:44:13] ERREUR : SQLSTATE[HY093]: Invalid parameter number: parameter was not defined
[2026-01-13 16:44:14] ERREUR : SQLSTATE[HY093]: Invalid parameter number: parameter was not defined
[2026-01-13 16:44:14] ERREUR : SQLSTATE[HY093]: Invalid parameter number: parameter was not defined
[2026-01-13 16:44:14] ERREUR : SQLSTATE[HY093]: Invalid parameter number: parameter was not defined
[2026-01-14 22:05:22] ERREUR : SQLSTATE[HY093]: Invalid parameter number: parameter was not defined
[2026-01-14 22:13:35] ERREUR : SQLSTATE[HY093]: Invalid parameter number: parameter was not defined
[2026-01-14 22:13:41] ERREUR : SQLSTATE[HY093]: Invalid parameter number: parameter was not defined
[2026-01-14 22:16:40] ERREUR : SQLSTATE[HY093]: Invalid parameter number: parameter was not defined
[2026-01-14 22:16:44] ERREUR : SQLSTATE[HY093]: Invalid parameter number: parameter was not defined
[2026-01-14 22:17:58] ERREUR : SQLSTATE[HY093]: Invalid parameter number: parameter was not defined
[2026-01-14 22:18:01] ERREUR : SQLSTATE[HY093]: Invalid parameter number: parameter was not defined
[2026-01-15 00:07:21] ERREUR : SQLSTATE[42000]: Syntax error or access violation: 1064 You have an error in your SQL syntax; check the manual that corresponds to your MariaDB server version for the right syntax to use near '.name, u.lastName 
            FROM reservations r
            JOIN voiture...' at line 1
[2026-01-15 00:08:00] ERREUR : SQLSTATE[42000]: Syntax error or access violation: 1064 You have an error in your SQL syntax; check the manual that corresponds to your MariaDB server version for the right syntax to use near '.name, u.lastName 
            FROM reservations r
            JOIN voiture...' at line 1
[2026-01-15 00:11:02] ERREUR : SQLSTATE[42000]: Syntax error or access violation: 1064 You have an error in your SQL syntax; check the manual that corresponds to your MariaDB server version for the right syntax to use near '.name, u.lastName 
            FROM reservations r
            JOIN voiture...' at line 1
[2026-01-15 00:16:34] ERREUR : SQLSTATE[42000]: Syntax error or access violation: 1064 You have an error in your SQL syntax; check the manual that corresponds to your MariaDB server version for the right syntax to use near '.name, u.LastName 
            FROM reservations r
            JOIN voiture...' at line 1
